Build started 26.03.2013 2:26:47 AM.
     1>Project "C:\Users\Dorin\Documents\GitHub_test\windows8\LibrelioApplication\MuPDF.WinRT\Win8\MuPDFWinRT.vcxproj" on node 2 (Build target(s)).
     1>ClCompile:
         C:\Program Files (x86)\Microsoft Visual Studio 11.0\VC\bin\CL.exe /c /I..\ThirdParty\mupdf\fitz /I..\ThirdParty\mupdf\pdf /IC:\Users\Dorin\Documents\GitHub_test\windows8\LibrelioApplication\MuPDF.WinRT\Win8\ /I"Generated Files\\" /IWin32\Debug\MuPDFWinRT\ /ZI /ZW /ZW:nostdlib /nologo /W3 /WX- /sdl /MP /Od /Oy- /D _WINRT_DLL /D _WINDLL /D _UNICODE /D UNICODE /D _DEBUG /D WINAPI_FAMILY=WINAPI_FAMILY_APP /Gm- /EHsc /RTC1 /MDd /GS /fp:precise /Zc:wchar_t /Zc:forScope /Fo"Win32\Debug\MuPDFWinRT\\" /Fd"Win32\Debug\MuPDFWinRT\vc110.pdb" /Gd /TP /FU"C:\Program Files (x86)\Microsoft SDKs\Windows\v8.0\ExtensionSDKs\Microsoft.VCLibs\11.0\References\CommonConfiguration\neutral\platform.winmd" /FU"C:\Program Files (x86)\Windows Kits\8.0\References\CommonConfiguration\Neutral\Windows.winmd" /FU"C:\Program Files (x86)\Windows Kits\8.0\References\CommonConfiguration\Neutral\Windows.winmd" /analyze- /errorReport:prompt /bigobj ..\Src\Document.cpp ..\Src\LinkInfoInternal.cpp ..\Src\LinkInfoRemote.cpp ..\Src\LinkInfoURI.cpp ..\Src\LinkInfoVisitor.cpp ..\Src\MuPDFDoc.cpp ..\Src\OutlineItem.cpp ..\Src\Utilities.cpp
         Document.cpp
         LinkInfoInternal.cpp
         LinkInfoRemote.cpp
         LinkInfoURI.cpp
         LinkInfoVisitor.cpp
         MuPDFDoc.cpp
         OutlineItem.cpp
         Utilities.cpp
       Link:
         C:\Program Files (x86)\Microsoft Visual Studio 11.0\VC\bin\link.exe /ERRORREPORT:PROMPT /OUT:"Win32\Debug\MuPDFWinRT.dll" /INCREMENTAL /NOLOGO ..\ThirdParty\Win8\Win32\Debug\libthirdparty.lib "..\ThirdParty\Win8\Win32\Debug\libmupdf-nov8.lib" ..\ThirdParty\Win8\Win32\Debug\libmupdf.lib runtimeobject.lib kernel32.lib /MANIFEST:NO /PDB:"Win32\Debug\MuPDFWinRT.pdb" /SUBSYSTEM:CONSOLE /TLBID:1 /APPCONTAINER /WINMD /WINMDFILE:"Win32\Debug\MuPDFWinRT.winmd" /DYNAMICBASE /NXCOMPAT /MACHINE:X86 /DLL Win32\Debug\MuPDFWinRT\Document.obj
         Win32\Debug\MuPDFWinRT\LinkInfoInternal.obj
         Win32\Debug\MuPDFWinRT\LinkInfoRemote.obj
         Win32\Debug\MuPDFWinRT\LinkInfoURI.obj
         Win32\Debug\MuPDFWinRT\LinkInfoVisitor.obj
         Win32\Debug\MuPDFWinRT\MuPDFDoc.obj
         Win32\Debug\MuPDFWinRT\OutlineItem.obj
         Win32\Debug\MuPDFWinRT\Utilities.obj
            Creating library Win32\Debug\MuPDFWinRT.lib and object Win32\Debug\MuPDFWinRT.exp
         MuPDFWinRT.vcxproj -> C:\Users\Dorin\Documents\GitHub_test\windows8\LibrelioApplication\MuPDF.WinRT\Win8\Win32\Debug\MuPDFWinRT.dll
       _GenerateProjectPriFileCore:
         C:\Program Files (x86)\Windows Kits\8.0\bin\x86\MakePri.exe New -ProjectRoot C:\Users\Dorin\Documents\GitHub_test\windows8\LibrelioApplication\MuPDF.WinRT\Win8\ -ConfigXml Win32\Debug\MuPDFWinRT\priconfig.xml -OutputFile C:\Users\Dorin\Documents\GitHub_test\windows8\LibrelioApplication\MuPDF.WinRT\Win8\Win32\Debug\MuPDFWinRT.pri -IndexName MuPDFWinRT -Verbose -Overwrite  
     1>Done Building Project "C:\Users\Dorin\Documents\GitHub_test\windows8\LibrelioApplication\MuPDF.WinRT\Win8\MuPDFWinRT.vcxproj" (Build target(s)).

Build succeeded.

Time Elapsed 00:00:03.77
