E:\4324\WINDOWS8\LIBRELIOAPPLICATION\MUPDF.WINRT\WIN8\WIN32\DEBUG\MUPDFWINRT\LINKINFOURI.OBJ
E:\4324\WINDOWS8\LIBRELIOAPPLICATION\MUPDF.WINRT\WIN8\WIN32\DEBUG\MUPDFWINRT\OUTLINEITEM.OBJ
E:\4324\WINDOWS8\LIBRELIOAPPLICATION\MUPDF.WINRT\WIN8\WIN32\DEBUG\MUPDFWINRT\UTILITIES.OBJ
E:\4324\WINDOWS8\LIBRELIOAPPLICATION\MUPDF.WINRT\WIN8\WIN32\DEBUG\MUPDFWINRT\LINKINFOINTERNAL.OBJ
E:\4324\WINDOWS8\LIBRELIOAPPLICATION\MUPDF.WINRT\WIN8\WIN32\DEBUG\MUPDFWINRT\MUPDFDOC.OBJ
E:\4324\WINDOWS8\LIBRELIOAPPLICATION\MUPDF.WINRT\WIN8\WIN32\DEBUG\MUPDFWINRT\DOCUMENT.OBJ
E:\4324\WINDOWS8\LIBRELIOAPPLICATION\MUPDF.WINRT\WIN8\WIN32\DEBUG\MUPDFWINRT\LINKINFOREMOTE.OBJ
E:\4324\WINDOWS8\LIBRELIOAPPLICATION\MUPDF.WINRT\WIN8\WIN32\DEBUG\MUPDFWINRT\LINKINFOVISITOR.OBJ
E:\4324\WINDOWS8\LIBRELIOAPPLICATION\MUPDF.WINRT\WIN8\WIN32\DEBUG\MUPDFWINRT\VC110.PDB
E:\4324\WINDOWS8\LIBRELIOAPPLICATION\MUPDF.WINRT\WIN8\WIN32\DEBUG\MUPDFWINRT.ILK
E:\4324\WINDOWS8\LIBRELIOAPPLICATION\MUPDF.WINRT\WIN8\WIN32\DEBUG\MUPDFWINRT.DLL
E:\4324\WINDOWS8\LIBRELIOAPPLICATION\MUPDF.WINRT\WIN8\WIN32\DEBUG\MUPDFWINRT.WINMD
E:\4324\WINDOWS8\LIBRELIOAPPLICATION\MUPDF.WINRT\WIN8\WIN32\DEBUG\MUPDFWINRT.PDB
E:\4324\windows8\LibrelioApplication\MuPDF.WinRT\Win8\Win32\Debug\MuPDFWinRT.lib
E:\4324\windows8\LibrelioApplication\MuPDF.WinRT\Win8\Win32\Debug\MuPDFWinRT.exp
E:\4324\windows8\LibrelioApplication\MuPDF.WinRT\Win8\Win32\Debug\MuPDFWinRT\MuPDFWinRT.vcxprojResolveAssemblyReference.cache
E:\4324\windows8\LibrelioApplication\MuPDF.WinRT\Win8\Win32\Debug\MuPDFWinRT\priconfig.xml.intermediate
E:\4324\windows8\LibrelioApplication\MuPDF.WinRT\Win8\Win32\Debug\MuPDFWinRT\layout.resfiles.intermediate
E:\4324\windows8\LibrelioApplication\MuPDF.WinRT\Win8\Win32\Debug\MuPDFWinRT\resources.resfiles.intermediate
E:\4324\windows8\LibrelioApplication\MuPDF.WinRT\Win8\Win32\Debug\MuPDFWinRT\pri.resfiles.intermediate
E:\4324\windows8\LibrelioApplication\MuPDF.WinRT\Win8\Win32\Debug\MuPDFWinRT\priconfig.xml
E:\4324\windows8\LibrelioApplication\MuPDF.WinRT\Win8\Win32\Debug\MuPDFWinRT\layout.resfiles
E:\4324\windows8\LibrelioApplication\MuPDF.WinRT\Win8\Win32\Debug\MuPDFWinRT\resources.resfiles
E:\4324\windows8\LibrelioApplication\MuPDF.WinRT\Win8\Win32\Debug\MuPDFWinRT\pri.resfiles
E:\4324\windows8\LibrelioApplication\MuPDF.WinRT\Win8\Win32\Debug\MuPDFWinRT.pri
E:\4324\windows8\LibrelioApplication\MuPDF.WinRT\Win8\Win32\Debug\MuPDFWinRT\LanguageQualifiers.txt
E:\4324\windows8\LibrelioApplication\MuPDF.WinRT\Win8\Win32\Debug\MuPDFWinRT\Document.obj
E:\4324\windows8\LibrelioApplication\MuPDF.WinRT\Win8\Win32\Debug\MuPDFWinRT\LinkInfoInternal.obj
E:\4324\windows8\LibrelioApplication\MuPDF.WinRT\Win8\Win32\Debug\MuPDFWinRT\LinkInfoRemote.obj
E:\4324\windows8\LibrelioApplication\MuPDF.WinRT\Win8\Win32\Debug\MuPDFWinRT\LinkInfoURI.obj
E:\4324\windows8\LibrelioApplication\MuPDF.WinRT\Win8\Win32\Debug\MuPDFWinRT\LinkInfoVisitor.obj
E:\4324\windows8\LibrelioApplication\MuPDF.WinRT\Win8\Win32\Debug\MuPDFWinRT\MuPDFDoc.obj
E:\4324\windows8\LibrelioApplication\MuPDF.WinRT\Win8\Win32\Debug\MuPDFWinRT\OutlineItem.obj
E:\4324\windows8\LibrelioApplication\MuPDF.WinRT\Win8\Win32\Debug\MuPDFWinRT\Utilities.obj
E:\4324\windows8\LibrelioApplication\MuPDF.WinRT\Win8\Win32\Debug\MuPDFWinRT\CL.2292.read.1.tlog
E:\4324\windows8\LibrelioApplication\MuPDF.WinRT\Win8\Win32\Debug\MuPDFWinRT\CL.2292.write.1.tlog
E:\4324\windows8\LibrelioApplication\MuPDF.WinRT\Win8\Win32\Debug\MuPDFWinRT\CL.5820.read.1.tlog
E:\4324\windows8\LibrelioApplication\MuPDF.WinRT\Win8\Win32\Debug\MuPDFWinRT\CL.5820.write.1.tlog
E:\4324\windows8\LibrelioApplication\MuPDF.WinRT\Win8\Win32\Debug\MuPDFWinRT\CL.5972.read.1.tlog
E:\4324\windows8\LibrelioApplication\MuPDF.WinRT\Win8\Win32\Debug\MuPDFWinRT\CL.5972.write.1.tlog
E:\4324\windows8\LibrelioApplication\MuPDF.WinRT\Win8\Win32\Debug\MuPDFWinRT\CL.6020.read.1.tlog
E:\4324\windows8\LibrelioApplication\MuPDF.WinRT\Win8\Win32\Debug\MuPDFWinRT\CL.6020.write.1.tlog
E:\4324\windows8\LibrelioApplication\MuPDF.WinRT\Win8\Win32\Debug\MuPDFWinRT\cl.command.1.tlog
E:\4324\windows8\LibrelioApplication\MuPDF.WinRT\Win8\Win32\Debug\MuPDFWinRT\CL.read.1.tlog
E:\4324\windows8\LibrelioApplication\MuPDF.WinRT\Win8\Win32\Debug\MuPDFWinRT\CL.write.1.tlog
E:\4324\windows8\LibrelioApplication\MuPDF.WinRT\Win8\Win32\Debug\MuPDFWinRT\link.command.1.tlog
E:\4324\windows8\LibrelioApplication\MuPDF.WinRT\Win8\Win32\Debug\MuPDFWinRT\link.read.1.tlog
E:\4324\windows8\LibrelioApplication\MuPDF.WinRT\Win8\Win32\Debug\MuPDFWinRT\link.write.1.tlog
E:\4324\windows8\LibrelioApplication\MuPDF.WinRT\Win8\Win32\Debug\MuPDFWinRT\MuPDFWinRT.read.1.tlog
E:\4324\windows8\LibrelioApplication\MuPDF.WinRT\Win8\Win32\Debug\MuPDFWinRT\MuPDFWinRT.write.1.tlog
E:\4324\windows8\LibrelioApplication\MuPDF.WinRT\Win8\Win32\Debug\MuPDFWinRT\vc110.idb
E:\4324\windows8\LibrelioApplication\MuPDF.WinRT\Win8\Win32\Debug\MuPDFWinRT\vc110.pdb
E:\4324\windows8\LibrelioApplication\MuPDF.WinRT\Win8\Win32\Debug\MuPDFWinRT.dll
