Build started 10.03.2013 2:10:15 AM.
     1>Project "E:\4324\windows8\LibrelioApplication\MuPDF.WinRT\Win8\MuPDFWinRT.vcxproj" on node 2 (Build target(s)).
     1>ClCompile:
         C:\Program Files (x86)\Microsoft Visual Studio 11.0\VC\bin\CL.exe /c /I..\ThirdParty\mupdf\fitz /I..\ThirdParty\mupdf\pdf /IE:\4324\windows8\LibrelioApplication\MuPDF.WinRT\Win8\ /I"Generated Files\\" /IWin32\Release\MuPDFWinRT\ /Zi /ZW /ZW:nostdlib /nologo /W3 /WX- /sdl /MP /O2 /Oi /Oy- /GL /D _WINRT_DLL /D NDEBUG /D _WINDLL /D _UNICODE /D UNICODE /D WINAPI_FAMILY=WINAPI_FAMILY_APP /Gm- /EHsc /MD /GS /Gy /fp:precise /Zc:wchar_t /Zc:forScope /Fo"Win32\Release\MuPDFWinRT\\" /Fd"Win32\Release\MuPDFWinRT\vc110.pdb" /Gd /TP /FU"C:\Program Files (x86)\Microsoft SDKs\Windows\v8.0\ExtensionSDKs\Microsoft.VCLibs\11.0\References\CommonConfiguration\neutral\platform.winmd" /FU"C:\Program Files (x86)\Windows Kits\8.0\References\CommonConfiguration\Neutral\Windows.winmd" /FU"C:\Program Files (x86)\Windows Kits\8.0\References\CommonConfiguration\Neutral\Windows.winmd" /analyze- /errorReport:prompt /bigobj ..\Src\Document.cpp ..\Src\LinkInfoInternal.cpp ..\Src\LinkInfoRemote.cpp ..\Src\LinkInfoURI.cpp ..\Src\LinkInfoVisitor.cpp ..\Src\MuPDFDoc.cpp ..\Src\OutlineItem.cpp ..\Src\Utilities.cpp
         Document.cpp
         LinkInfoInternal.cpp
         LinkInfoRemote.cpp
         LinkInfoURI.cpp
         LinkInfoVisitor.cpp
         MuPDFDoc.cpp
         OutlineItem.cpp
         Utilities.cpp
       Link:
         C:\Program Files (x86)\Microsoft Visual Studio 11.0\VC\bin\link.exe /ERRORREPORT:PROMPT /OUT:"Win32\Release\MuPDFWinRT.dll" /NOLOGO ..\ThirdParty\Win8\Win32\Release\libthirdparty.lib "..\ThirdParty\Win8\Win32\Release\libmupdf-nov8.lib" ..\ThirdParty\Win8\Win32\Release\libmupdf.lib runtimeobject.lib kernel32.lib /MANIFEST:NO /DEBUG /PDB:"Win32\Release\MuPDFWinRT.pdb" /SUBSYSTEM:CONSOLE /OPT:REF /OPT:ICF /LTCG /TLBID:1 /APPCONTAINER /WINMD /WINMDFILE:"Win32\Release\MuPDFWinRT.winmd" /DYNAMICBASE /NXCOMPAT /MACHINE:X86 /SAFESEH /DLL Win32\Release\MuPDFWinRT\Document.obj
         Win32\Release\MuPDFWinRT\LinkInfoInternal.obj
         Win32\Release\MuPDFWinRT\LinkInfoRemote.obj
         Win32\Release\MuPDFWinRT\LinkInfoURI.obj
         Win32\Release\MuPDFWinRT\LinkInfoVisitor.obj
         Win32\Release\MuPDFWinRT\MuPDFDoc.obj
         Win32\Release\MuPDFWinRT\OutlineItem.obj
         Win32\Release\MuPDFWinRT\Utilities.obj
            Creating library Win32\Release\MuPDFWinRT.lib and object Win32\Release\MuPDFWinRT.exp
         Generating code
         Finished generating code
     1>libmupdf.lib(doc_document.obj) : warning LNK4099: PDB 'vc110.pdb' was not found with 'libmupdf.lib(doc_document.obj)' or at 'E:\4324\windows8\LibrelioApplication\MuPDF.WinRT\Win8\Win32\Release\vc110.pdb'; linking object as if no debug info
     1>libmupdf.lib(base_string.obj) : warning LNK4099: PDB 'vc110.pdb' was not found with 'libmupdf.lib(base_string.obj)' or at 'E:\4324\windows8\LibrelioApplication\MuPDF.WinRT\Win8\Win32\Release\vc110.pdb'; linking object as if no debug info
     1>libmupdf.lib(res_pixmap.obj) : warning LNK4099: PDB 'vc110.pdb' was not found with 'libmupdf.lib(res_pixmap.obj)' or at 'E:\4324\windows8\LibrelioApplication\MuPDF.WinRT\Win8\Win32\Release\vc110.pdb'; linking object as if no debug info
     1>libmupdf.lib(base_geometry.obj) : warning LNK4099: PDB 'vc110.pdb' was not found with 'libmupdf.lib(base_geometry.obj)' or at 'E:\4324\windows8\LibrelioApplication\MuPDF.WinRT\Win8\Win32\Release\vc110.pdb'; linking object as if no debug info
     1>libmupdf.lib(dev_list.obj) : warning LNK4099: PDB 'vc110.pdb' was not found with 'libmupdf.lib(dev_list.obj)' or at 'E:\4324\windows8\LibrelioApplication\MuPDF.WinRT\Win8\Win32\Release\vc110.pdb'; linking object as if no debug info
     1>libmupdf.lib(dev_text.obj) : warning LNK4099: PDB 'vc110.pdb' was not found with 'libmupdf.lib(dev_text.obj)' or at 'E:\4324\windows8\LibrelioApplication\MuPDF.WinRT\Win8\Win32\Release\vc110.pdb'; linking object as if no debug info
     1>libmupdf.lib(doc_interactive.obj) : warning LNK4099: PDB 'vc110.pdb' was not found with 'libmupdf.lib(doc_interactive.obj)' or at 'E:\4324\windows8\LibrelioApplication\MuPDF.WinRT\Win8\Win32\Release\vc110.pdb'; linking object as if no debug info
     1>libmupdf.lib(base_error.obj) : warning LNK4099: PDB 'vc110.pdb' was not found with 'libmupdf.lib(base_error.obj)' or at 'E:\4324\windows8\LibrelioApplication\MuPDF.WinRT\Win8\Win32\Release\vc110.pdb'; linking object as if no debug info
     1>libmupdf.lib(stm_open.obj) : warning LNK4099: PDB 'vc110.pdb' was not found with 'libmupdf.lib(stm_open.obj)' or at 'E:\4324\windows8\LibrelioApplication\MuPDF.WinRT\Win8\Win32\Release\vc110.pdb'; linking object as if no debug info
     1>libmupdf.lib(dev_null.obj) : warning LNK4099: PDB 'vc110.pdb' was not found with 'libmupdf.lib(dev_null.obj)' or at 'E:\4324\windows8\LibrelioApplication\MuPDF.WinRT\Win8\Win32\Release\vc110.pdb'; linking object as if no debug info
     1>libmupdf.lib(base_context.obj) : warning LNK4099: PDB 'vc110.pdb' was not found with 'libmupdf.lib(base_context.obj)' or at 'E:\4324\windows8\LibrelioApplication\MuPDF.WinRT\Win8\Win32\Release\vc110.pdb'; linking object as if no debug info
     1>libmupdf.lib(res_colorspace.obj) : warning LNK4099: PDB 'vc110.pdb' was not found with 'libmupdf.lib(res_colorspace.obj)' or at 'E:\4324\windows8\LibrelioApplication\MuPDF.WinRT\Win8\Win32\Release\vc110.pdb'; linking object as if no debug info
     1>libmupdf.lib(draw_device.obj) : warning LNK4099: PDB 'vc110.pdb' was not found with 'libmupdf.lib(draw_device.obj)' or at 'E:\4324\windows8\LibrelioApplication\MuPDF.WinRT\Win8\Win32\Release\vc110.pdb'; linking object as if no debug info
     1>libmupdf.lib(doc_link.obj) : warning LNK4099: PDB 'vc110.pdb' was not found with 'libmupdf.lib(doc_link.obj)' or at 'E:\4324\windows8\LibrelioApplication\MuPDF.WinRT\Win8\Win32\Release\vc110.pdb'; linking object as if no debug info
     1>libmupdf.lib(doc_outline.obj) : warning LNK4099: PDB 'vc110.pdb' was not found with 'libmupdf.lib(doc_outline.obj)' or at 'E:\4324\windows8\LibrelioApplication\MuPDF.WinRT\Win8\Win32\Release\vc110.pdb'; linking object as if no debug info
     1>libmupdf.lib(pdf_xref_aux.obj) : warning LNK4099: PDB 'vc110.pdb' was not found with 'libmupdf.lib(pdf_xref_aux.obj)' or at 'E:\4324\windows8\LibrelioApplication\MuPDF.WinRT\Win8\Win32\Release\vc110.pdb'; linking object as if no debug info
     1>libmupdf.lib(mucbz.obj) : warning LNK4099: PDB 'vc110.pdb' was not found with 'libmupdf.lib(mucbz.obj)' or at 'E:\4324\windows8\LibrelioApplication\MuPDF.WinRT\Win8\Win32\Release\vc110.pdb'; linking object as if no debug info
     1>libmupdf.lib(xps_zip.obj) : warning LNK4099: PDB 'vc110.pdb' was not found with 'libmupdf.lib(xps_zip.obj)' or at 'E:\4324\windows8\LibrelioApplication\MuPDF.WinRT\Win8\Win32\Release\vc110.pdb'; linking object as if no debug info
     1>libmupdf.lib(base_memory.obj) : warning LNK4099: PDB 'vc110.pdb' was not found with 'libmupdf.lib(base_memory.obj)' or at 'E:\4324\windows8\LibrelioApplication\MuPDF.WinRT\Win8\Win32\Release\vc110.pdb'; linking object as if no debug info
     1>libmupdf.lib(res_store.obj) : warning LNK4099: PDB 'vc110.pdb' was not found with 'libmupdf.lib(res_store.obj)' or at 'E:\4324\windows8\LibrelioApplication\MuPDF.WinRT\Win8\Win32\Release\vc110.pdb'; linking object as if no debug info
     1>libmupdf.lib(res_text.obj) : warning LNK4099: PDB 'vc110.pdb' was not found with 'libmupdf.lib(res_text.obj)' or at 'E:\4324\windows8\LibrelioApplication\MuPDF.WinRT\Win8\Win32\Release\vc110.pdb'; linking object as if no debug info
     1>libmupdf.lib(res_shade.obj) : warning LNK4099: PDB 'vc110.pdb' was not found with 'libmupdf.lib(res_shade.obj)' or at 'E:\4324\windows8\LibrelioApplication\MuPDF.WinRT\Win8\Win32\Release\vc110.pdb'; linking object as if no debug info
     1>libmupdf.lib(res_path.obj) : warning LNK4099: PDB 'vc110.pdb' was not found with 'libmupdf.lib(res_path.obj)' or at 'E:\4324\windows8\LibrelioApplication\MuPDF.WinRT\Win8\Win32\Release\vc110.pdb'; linking object as if no debug info
     1>libmupdf.lib(res_font.obj) : warning LNK4099: PDB 'vc110.pdb' was not found with 'libmupdf.lib(res_font.obj)' or at 'E:\4324\windows8\LibrelioApplication\MuPDF.WinRT\Win8\Win32\Release\vc110.pdb'; linking object as if no debug info
     1>libmupdf.lib(pdf_form.obj) : warning LNK4099: PDB 'vc110.pdb' was not found with 'libmupdf.lib(pdf_form.obj)' or at 'E:\4324\windows8\LibrelioApplication\MuPDF.WinRT\Win8\Win32\Release\vc110.pdb'; linking object as if no debug info
     1>libmupdf.lib(pdf_event.obj) : warning LNK4099: PDB 'vc110.pdb' was not found with 'libmupdf.lib(pdf_event.obj)' or at 'E:\4324\windows8\LibrelioApplication\MuPDF.WinRT\Win8\Win32\Release\vc110.pdb'; linking object as if no debug info
     1>libmupdf.lib(stm_buffer.obj) : warning LNK4099: PDB 'vc110.pdb' was not found with 'libmupdf.lib(stm_buffer.obj)' or at 'E:\4324\windows8\LibrelioApplication\MuPDF.WinRT\Win8\Win32\Release\vc110.pdb'; linking object as if no debug info
     1>libmupdf.lib(draw_edge.obj) : warning LNK4099: PDB 'vc110.pdb' was not found with 'libmupdf.lib(draw_edge.obj)' or at 'E:\4324\windows8\LibrelioApplication\MuPDF.WinRT\Win8\Win32\Release\vc110.pdb'; linking object as if no debug info
     1>libmupdf.lib(draw_glyph.obj) : warning LNK4099: PDB 'vc110.pdb' was not found with 'libmupdf.lib(draw_glyph.obj)' or at 'E:\4324\windows8\LibrelioApplication\MuPDF.WinRT\Win8\Win32\Release\vc110.pdb'; linking object as if no debug info
     1>libmupdf.lib(base_hash.obj) : warning LNK4099: PDB 'vc110.pdb' was not found with 'libmupdf.lib(base_hash.obj)' or at 'E:\4324\windows8\LibrelioApplication\MuPDF.WinRT\Win8\Win32\Release\vc110.pdb'; linking object as if no debug info
     1>libmupdf.lib(draw_affine.obj) : warning LNK4099: PDB 'vc110.pdb' was not found with 'libmupdf.lib(draw_affine.obj)' or at 'E:\4324\windows8\LibrelioApplication\MuPDF.WinRT\Win8\Win32\Release\vc110.pdb'; linking object as if no debug info
     1>libmupdf.lib(draw_simple_scale.obj) : warning LNK4099: PDB 'vc110.pdb' was not found with 'libmupdf.lib(draw_simple_scale.obj)' or at 'E:\4324\windows8\LibrelioApplication\MuPDF.WinRT\Win8\Win32\Release\vc110.pdb'; linking object as if no debug info
     1>libmupdf.lib(draw_blend.obj) : warning LNK4099: PDB 'vc110.pdb' was not found with 'libmupdf.lib(draw_blend.obj)' or at 'E:\4324\windows8\LibrelioApplication\MuPDF.WinRT\Win8\Win32\Release\vc110.pdb'; linking object as if no debug info
     1>libmupdf.lib(draw_paint.obj) : warning LNK4099: PDB 'vc110.pdb' was not found with 'libmupdf.lib(draw_paint.obj)' or at 'E:\4324\windows8\LibrelioApplication\MuPDF.WinRT\Win8\Win32\Release\vc110.pdb'; linking object as if no debug info
     1>libmupdf.lib(draw_path.obj) : warning LNK4099: PDB 'vc110.pdb' was not found with 'libmupdf.lib(draw_path.obj)' or at 'E:\4324\windows8\LibrelioApplication\MuPDF.WinRT\Win8\Win32\Release\vc110.pdb'; linking object as if no debug info
     1>libmupdf.lib(draw_mesh.obj) : warning LNK4099: PDB 'vc110.pdb' was not found with 'libmupdf.lib(draw_mesh.obj)' or at 'E:\4324\windows8\LibrelioApplication\MuPDF.WinRT\Win8\Win32\Release\vc110.pdb'; linking object as if no debug info
     1>libmupdf.lib(pdf_interpret.obj) : warning LNK4099: PDB 'vc110.pdb' was not found with 'libmupdf.lib(pdf_interpret.obj)' or at 'E:\4324\windows8\LibrelioApplication\MuPDF.WinRT\Win8\Win32\Release\vc110.pdb'; linking object as if no debug info
     1>libmupdf.lib(pdf_xref.obj) : warning LNK4099: PDB 'vc110.pdb' was not found with 'libmupdf.lib(pdf_xref.obj)' or at 'E:\4324\windows8\LibrelioApplication\MuPDF.WinRT\Win8\Win32\Release\vc110.pdb'; linking object as if no debug info
     1>libmupdf.lib(stm_read.obj) : warning LNK4099: PDB 'vc110.pdb' was not found with 'libmupdf.lib(stm_read.obj)' or at 'E:\4324\windows8\LibrelioApplication\MuPDF.WinRT\Win8\Win32\Release\vc110.pdb'; linking object as if no debug info
     1>libmupdf.lib(image_jpeg.obj) : warning LNK4099: PDB 'vc110.pdb' was not found with 'libmupdf.lib(image_jpeg.obj)' or at 'E:\4324\windows8\LibrelioApplication\MuPDF.WinRT\Win8\Win32\Release\vc110.pdb'; linking object as if no debug info
     1>libmupdf.lib(image_png.obj) : warning LNK4099: PDB 'vc110.pdb' was not found with 'libmupdf.lib(image_png.obj)' or at 'E:\4324\windows8\LibrelioApplication\MuPDF.WinRT\Win8\Win32\Release\vc110.pdb'; linking object as if no debug info
     1>libmupdf.lib(xps_doc.obj) : warning LNK4099: PDB 'vc110.pdb' was not found with 'libmupdf.lib(xps_doc.obj)' or at 'E:\4324\windows8\LibrelioApplication\MuPDF.WinRT\Win8\Win32\Release\vc110.pdb'; linking object as if no debug info
     1>libmupdf.lib(xps_tile.obj) : warning LNK4099: PDB 'vc110.pdb' was not found with 'libmupdf.lib(xps_tile.obj)' or at 'E:\4324\windows8\LibrelioApplication\MuPDF.WinRT\Win8\Win32\Release\vc110.pdb'; linking object as if no debug info
     1>libmupdf.lib(xps_outline.obj) : warning LNK4099: PDB 'vc110.pdb' was not found with 'libmupdf.lib(xps_outline.obj)' or at 'E:\4324\windows8\LibrelioApplication\MuPDF.WinRT\Win8\Win32\Release\vc110.pdb'; linking object as if no debug info
     1>libmupdf.lib(xps_util.obj) : warning LNK4099: PDB 'vc110.pdb' was not found with 'libmupdf.lib(xps_util.obj)' or at 'E:\4324\windows8\LibrelioApplication\MuPDF.WinRT\Win8\Win32\Release\vc110.pdb'; linking object as if no debug info
     1>libmupdf.lib(stm_comp_buf.obj) : warning LNK4099: PDB 'vc110.pdb' was not found with 'libmupdf.lib(stm_comp_buf.obj)' or at 'E:\4324\windows8\LibrelioApplication\MuPDF.WinRT\Win8\Win32\Release\vc110.pdb'; linking object as if no debug info
     1>libmupdf.lib(dev_bbox.obj) : warning LNK4099: PDB 'vc110.pdb' was not found with 'libmupdf.lib(dev_bbox.obj)' or at 'E:\4324\windows8\LibrelioApplication\MuPDF.WinRT\Win8\Win32\Release\vc110.pdb'; linking object as if no debug info
     1>libmupdf.lib(pdf_lex.obj) : warning LNK4099: PDB 'vc110.pdb' was not found with 'libmupdf.lib(pdf_lex.obj)' or at 'E:\4324\windows8\LibrelioApplication\MuPDF.WinRT\Win8\Win32\Release\vc110.pdb'; linking object as if no debug info
     1>libmupdf.lib(pdf_object.obj) : warning LNK4099: PDB 'vc110.pdb' was not found with 'libmupdf.lib(pdf_object.obj)' or at 'E:\4324\windows8\LibrelioApplication\MuPDF.WinRT\Win8\Win32\Release\vc110.pdb'; linking object as if no debug info
     1>libmupdf.lib(pdf_xobject.obj) : warning LNK4099: PDB 'vc110.pdb' was not found with 'libmupdf.lib(pdf_xobject.obj)' or at 'E:\4324\windows8\LibrelioApplication\MuPDF.WinRT\Win8\Win32\Release\vc110.pdb'; linking object as if no debug info
     1>libmupdf.lib(pdf_stream.obj) : warning LNK4099: PDB 'vc110.pdb' was not found with 'libmupdf.lib(pdf_stream.obj)' or at 'E:\4324\windows8\LibrelioApplication\MuPDF.WinRT\Win8\Win32\Release\vc110.pdb'; linking object as if no debug info
     1>libmupdf.lib(pdf_font.obj) : warning LNK4099: PDB 'vc110.pdb' was not found with 'libmupdf.lib(pdf_font.obj)' or at 'E:\4324\windows8\LibrelioApplication\MuPDF.WinRT\Win8\Win32\Release\vc110.pdb'; linking object as if no debug info
     1>libmupdf.lib(pdf_parse.obj) : warning LNK4099: PDB 'vc110.pdb' was not found with 'libmupdf.lib(pdf_parse.obj)' or at 'E:\4324\windows8\LibrelioApplication\MuPDF.WinRT\Win8\Win32\Release\vc110.pdb'; linking object as if no debug info
     1>libmupdf.lib(pdf_annot.obj) : warning LNK4099: PDB 'vc110.pdb' was not found with 'libmupdf.lib(pdf_annot.obj)' or at 'E:\4324\windows8\LibrelioApplication\MuPDF.WinRT\Win8\Win32\Release\vc110.pdb'; linking object as if no debug info
     1>libmupdf.lib(pdf_pattern.obj) : warning LNK4099: PDB 'vc110.pdb' was not found with 'libmupdf.lib(pdf_pattern.obj)' or at 'E:\4324\windows8\LibrelioApplication\MuPDF.WinRT\Win8\Win32\Release\vc110.pdb'; linking object as if no debug info
     1>libmupdf.lib(pdf_colorspace.obj) : warning LNK4099: PDB 'vc110.pdb' was not found with 'libmupdf.lib(pdf_colorspace.obj)' or at 'E:\4324\windows8\LibrelioApplication\MuPDF.WinRT\Win8\Win32\Release\vc110.pdb'; linking object as if no debug info
     1>libmupdf.lib(pdf_image.obj) : warning LNK4099: PDB 'vc110.pdb' was not found with 'libmupdf.lib(pdf_image.obj)' or at 'E:\4324\windows8\LibrelioApplication\MuPDF.WinRT\Win8\Win32\Release\vc110.pdb'; linking object as if no debug info
     1>libmupdf.lib(pdf_cmap.obj) : warning LNK4099: PDB 'vc110.pdb' was not found with 'libmupdf.lib(pdf_cmap.obj)' or at 'E:\4324\windows8\LibrelioApplication\MuPDF.WinRT\Win8\Win32\Release\vc110.pdb'; linking object as if no debug info
     1>libmupdf.lib(pdf_metrics.obj) : warning LNK4099: PDB 'vc110.pdb' was not found with 'libmupdf.lib(pdf_metrics.obj)' or at 'E:\4324\windows8\LibrelioApplication\MuPDF.WinRT\Win8\Win32\Release\vc110.pdb'; linking object as if no debug info
     1>libmupdf.lib(pdf_shade.obj) : warning LNK4099: PDB 'vc110.pdb' was not found with 'libmupdf.lib(pdf_shade.obj)' or at 'E:\4324\windows8\LibrelioApplication\MuPDF.WinRT\Win8\Win32\Release\vc110.pdb'; linking object as if no debug info
     1>libmupdf.lib(pdf_crypt.obj) : warning LNK4099: PDB 'vc110.pdb' was not found with 'libmupdf.lib(pdf_crypt.obj)' or at 'E:\4324\windows8\LibrelioApplication\MuPDF.WinRT\Win8\Win32\Release\vc110.pdb'; linking object as if no debug info
     1>libmupdf.lib(pdf_write.obj) : warning LNK4099: PDB 'vc110.pdb' was not found with 'libmupdf.lib(pdf_write.obj)' or at 'E:\4324\windows8\LibrelioApplication\MuPDF.WinRT\Win8\Win32\Release\vc110.pdb'; linking object as if no debug info
     1>libmupdf.lib(pdf_outline.obj) : warning LNK4099: PDB 'vc110.pdb' was not found with 'libmupdf.lib(pdf_outline.obj)' or at 'E:\4324\windows8\LibrelioApplication\MuPDF.WinRT\Win8\Win32\Release\vc110.pdb'; linking object as if no debug info
     1>libmupdf.lib(pdf_page.obj) : warning LNK4099: PDB 'vc110.pdb' was not found with 'libmupdf.lib(pdf_page.obj)' or at 'E:\4324\windows8\LibrelioApplication\MuPDF.WinRT\Win8\Win32\Release\vc110.pdb'; linking object as if no debug info
     1>libmupdf.lib(pdf_repair.obj) : warning LNK4099: PDB 'vc110.pdb' was not found with 'libmupdf.lib(pdf_repair.obj)' or at 'E:\4324\windows8\LibrelioApplication\MuPDF.WinRT\Win8\Win32\Release\vc110.pdb'; linking object as if no debug info
     1>libmupdf.lib(draw_unpack.obj) : warning LNK4099: PDB 'vc110.pdb' was not found with 'libmupdf.lib(draw_unpack.obj)' or at 'E:\4324\windows8\LibrelioApplication\MuPDF.WinRT\Win8\Win32\Release\vc110.pdb'; linking object as if no debug info
     1>libmupdf.lib(base_xml.obj) : warning LNK4099: PDB 'vc110.pdb' was not found with 'libmupdf.lib(base_xml.obj)' or at 'E:\4324\windows8\LibrelioApplication\MuPDF.WinRT\Win8\Win32\Release\vc110.pdb'; linking object as if no debug info
     1>libmupdf.lib(xps_common.obj) : warning LNK4099: PDB 'vc110.pdb' was not found with 'libmupdf.lib(xps_common.obj)' or at 'E:\4324\windows8\LibrelioApplication\MuPDF.WinRT\Win8\Win32\Release\vc110.pdb'; linking object as if no debug info
     1>libmupdf.lib(xps_resource.obj) : warning LNK4099: PDB 'vc110.pdb' was not found with 'libmupdf.lib(xps_resource.obj)' or at 'E:\4324\windows8\LibrelioApplication\MuPDF.WinRT\Win8\Win32\Release\vc110.pdb'; linking object as if no debug info
     1>libmupdf.lib(xps_path.obj) : warning LNK4099: PDB 'vc110.pdb' was not found with 'libmupdf.lib(xps_path.obj)' or at 'E:\4324\windows8\LibrelioApplication\MuPDF.WinRT\Win8\Win32\Release\vc110.pdb'; linking object as if no debug info
     1>libmupdf.lib(filt_dctd.obj) : warning LNK4099: PDB 'vc110.pdb' was not found with 'libmupdf.lib(filt_dctd.obj)' or at 'E:\4324\windows8\LibrelioApplication\MuPDF.WinRT\Win8\Win32\Release\vc110.pdb'; linking object as if no debug info
     1>libmupdf.lib(filt_flate.obj) : warning LNK4099: PDB 'vc110.pdb' was not found with 'libmupdf.lib(filt_flate.obj)' or at 'E:\4324\windows8\LibrelioApplication\MuPDF.WinRT\Win8\Win32\Release\vc110.pdb'; linking object as if no debug info
     1>libmupdf.lib(filt_basic.obj) : warning LNK4099: PDB 'vc110.pdb' was not found with 'libmupdf.lib(filt_basic.obj)' or at 'E:\4324\windows8\LibrelioApplication\MuPDF.WinRT\Win8\Win32\Release\vc110.pdb'; linking object as if no debug info
     1>libmupdf.lib(filt_lzwd.obj) : warning LNK4099: PDB 'vc110.pdb' was not found with 'libmupdf.lib(filt_lzwd.obj)' or at 'E:\4324\windows8\LibrelioApplication\MuPDF.WinRT\Win8\Win32\Release\vc110.pdb'; linking object as if no debug info
     1>libmupdf.lib(filt_predict.obj) : warning LNK4099: PDB 'vc110.pdb' was not found with 'libmupdf.lib(filt_predict.obj)' or at 'E:\4324\windows8\LibrelioApplication\MuPDF.WinRT\Win8\Win32\Release\vc110.pdb'; linking object as if no debug info
     1>libmupdf.lib(filt_faxd.obj) : warning LNK4099: PDB 'vc110.pdb' was not found with 'libmupdf.lib(filt_faxd.obj)' or at 'E:\4324\windows8\LibrelioApplication\MuPDF.WinRT\Win8\Win32\Release\vc110.pdb'; linking object as if no debug info
     1>libmupdf.lib(pdf_store.obj) : warning LNK4099: PDB 'vc110.pdb' was not found with 'libmupdf.lib(pdf_store.obj)' or at 'E:\4324\windows8\LibrelioApplication\MuPDF.WinRT\Win8\Win32\Release\vc110.pdb'; linking object as if no debug info
     1>libmupdf.lib(filt_jbig2d.obj) : warning LNK4099: PDB 'vc110.pdb' was not found with 'libmupdf.lib(filt_jbig2d.obj)' or at 'E:\4324\windows8\LibrelioApplication\MuPDF.WinRT\Win8\Win32\Release\vc110.pdb'; linking object as if no debug info
     1>libmupdf.lib(pdf_unicode.obj) : warning LNK4099: PDB 'vc110.pdb' was not found with 'libmupdf.lib(pdf_unicode.obj)' or at 'E:\4324\windows8\LibrelioApplication\MuPDF.WinRT\Win8\Win32\Release\vc110.pdb'; linking object as if no debug info
     1>libmupdf.lib(pdf_cmap_load.obj) : warning LNK4099: PDB 'vc110.pdb' was not found with 'libmupdf.lib(pdf_cmap_load.obj)' or at 'E:\4324\windows8\LibrelioApplication\MuPDF.WinRT\Win8\Win32\Release\vc110.pdb'; linking object as if no debug info
     1>libmupdf.lib(pdf_encoding.obj) : warning LNK4099: PDB 'vc110.pdb' was not found with 'libmupdf.lib(pdf_encoding.obj)' or at 'E:\4324\windows8\LibrelioApplication\MuPDF.WinRT\Win8\Win32\Release\vc110.pdb'; linking object as if no debug info
     1>libmupdf.lib(pdf_fontfile.obj) : warning LNK4099: PDB 'vc110.pdb' was not found with 'libmupdf.lib(pdf_fontfile.obj)' or at 'E:\4324\windows8\LibrelioApplication\MuPDF.WinRT\Win8\Win32\Release\vc110.pdb'; linking object as if no debug info
     1>libmupdf.lib(pdf_type3.obj) : warning LNK4099: PDB 'vc110.pdb' was not found with 'libmupdf.lib(pdf_type3.obj)' or at 'E:\4324\windows8\LibrelioApplication\MuPDF.WinRT\Win8\Win32\Release\vc110.pdb'; linking object as if no debug info
     1>libmupdf.lib(pdf_nametree.obj) : warning LNK4099: PDB 'vc110.pdb' was not found with 'libmupdf.lib(pdf_nametree.obj)' or at 'E:\4324\windows8\LibrelioApplication\MuPDF.WinRT\Win8\Win32\Release\vc110.pdb'; linking object as if no debug info
     1>libmupdf.lib(pdf_function.obj) : warning LNK4099: PDB 'vc110.pdb' was not found with 'libmupdf.lib(pdf_function.obj)' or at 'E:\4324\windows8\LibrelioApplication\MuPDF.WinRT\Win8\Win32\Release\vc110.pdb'; linking object as if no debug info
     1>libmupdf.lib(image_jpx.obj) : warning LNK4099: PDB 'vc110.pdb' was not found with 'libmupdf.lib(image_jpx.obj)' or at 'E:\4324\windows8\LibrelioApplication\MuPDF.WinRT\Win8\Win32\Release\vc110.pdb'; linking object as if no debug info
     1>libmupdf.lib(crypt_sha2.obj) : warning LNK4099: PDB 'vc110.pdb' was not found with 'libmupdf.lib(crypt_sha2.obj)' or at 'E:\4324\windows8\LibrelioApplication\MuPDF.WinRT\Win8\Win32\Release\vc110.pdb'; linking object as if no debug info
     1>libmupdf.lib(crypt_aes.obj) : warning LNK4099: PDB 'vc110.pdb' was not found with 'libmupdf.lib(crypt_aes.obj)' or at 'E:\4324\windows8\LibrelioApplication\MuPDF.WinRT\Win8\Win32\Release\vc110.pdb'; linking object as if no debug info
     1>libmupdf.lib(crypt_md5.obj) : warning LNK4099: PDB 'vc110.pdb' was not found with 'libmupdf.lib(crypt_md5.obj)' or at 'E:\4324\windows8\LibrelioApplication\MuPDF.WinRT\Win8\Win32\Release\vc110.pdb'; linking object as if no debug info
     1>libmupdf.lib(crypt_arc4.obj) : warning LNK4099: PDB 'vc110.pdb' was not found with 'libmupdf.lib(crypt_arc4.obj)' or at 'E:\4324\windows8\LibrelioApplication\MuPDF.WinRT\Win8\Win32\Release\vc110.pdb'; linking object as if no debug info
     1>libmupdf.lib(xps_gradient.obj) : warning LNK4099: PDB 'vc110.pdb' was not found with 'libmupdf.lib(xps_gradient.obj)' or at 'E:\4324\windows8\LibrelioApplication\MuPDF.WinRT\Win8\Win32\Release\vc110.pdb'; linking object as if no debug info
     1>libmupdf.lib(xps_glyphs.obj) : warning LNK4099: PDB 'vc110.pdb' was not found with 'libmupdf.lib(xps_glyphs.obj)' or at 'E:\4324\windows8\LibrelioApplication\MuPDF.WinRT\Win8\Win32\Release\vc110.pdb'; linking object as if no debug info
     1>libmupdf.lib(xps_image.obj) : warning LNK4099: PDB 'vc110.pdb' was not found with 'libmupdf.lib(xps_image.obj)' or at 'E:\4324\windows8\LibrelioApplication\MuPDF.WinRT\Win8\Win32\Release\vc110.pdb'; linking object as if no debug info
     1>libmupdf.lib(pdf_cmap_parse.obj) : warning LNK4099: PDB 'vc110.pdb' was not found with 'libmupdf.lib(pdf_cmap_parse.obj)' or at 'E:\4324\windows8\LibrelioApplication\MuPDF.WinRT\Win8\Win32\Release\vc110.pdb'; linking object as if no debug info
     1>libmupdf.lib(pdf_cmap_table.obj) : warning LNK4099: PDB 'vc110.pdb' was not found with 'libmupdf.lib(pdf_cmap_table.obj)' or at 'E:\4324\windows8\LibrelioApplication\MuPDF.WinRT\Win8\Win32\Release\vc110.pdb'; linking object as if no debug info
     1>libmupdf.lib(image_tiff.obj) : warning LNK4099: PDB 'vc110.pdb' was not found with 'libmupdf.lib(image_tiff.obj)' or at 'E:\4324\windows8\LibrelioApplication\MuPDF.WinRT\Win8\Win32\Release\vc110.pdb'; linking object as if no debug info
     1>libthirdparty.lib(crc32.obj) : warning LNK4099: PDB 'vc110.pdb' was not found with 'libthirdparty.lib(crc32.obj)' or at 'E:\4324\windows8\LibrelioApplication\MuPDF.WinRT\Win8\Win32\Release\vc110.pdb'; linking object as if no debug info
     1>libthirdparty.lib(compress.obj) : warning LNK4099: PDB 'vc110.pdb' was not found with 'libthirdparty.lib(compress.obj)' or at 'E:\4324\windows8\LibrelioApplication\MuPDF.WinRT\Win8\Win32\Release\vc110.pdb'; linking object as if no debug info
     1>libthirdparty.lib(ftbase.obj) : warning LNK4099: PDB 'vc110.pdb' was not found with 'libthirdparty.lib(ftbase.obj)' or at 'E:\4324\windows8\LibrelioApplication\MuPDF.WinRT\Win8\Win32\Release\vc110.pdb'; linking object as if no debug info
     1>libthirdparty.lib(inflate.obj) : warning LNK4099: PDB 'vc110.pdb' was not found with 'libthirdparty.lib(inflate.obj)' or at 'E:\4324\windows8\LibrelioApplication\MuPDF.WinRT\Win8\Win32\Release\vc110.pdb'; linking object as if no debug info
     1>libthirdparty.lib(ftglyph.obj) : warning LNK4099: PDB 'vc110.pdb' was not found with 'libthirdparty.lib(ftglyph.obj)' or at 'E:\4324\windows8\LibrelioApplication\MuPDF.WinRT\Win8\Win32\Release\vc110.pdb'; linking object as if no debug info
     1>libthirdparty.lib(ftinit.obj) : warning LNK4099: PDB 'vc110.pdb' was not found with 'libthirdparty.lib(ftinit.obj)' or at 'E:\4324\windows8\LibrelioApplication\MuPDF.WinRT\Win8\Win32\Release\vc110.pdb'; linking object as if no debug info
     1>libthirdparty.lib(ftstroke.obj) : warning LNK4099: PDB 'vc110.pdb' was not found with 'libthirdparty.lib(ftstroke.obj)' or at 'E:\4324\windows8\LibrelioApplication\MuPDF.WinRT\Win8\Win32\Release\vc110.pdb'; linking object as if no debug info
     1>libthirdparty.lib(jdapistd.obj) : warning LNK4099: PDB 'vc110.pdb' was not found with 'libthirdparty.lib(jdapistd.obj)' or at 'E:\4324\windows8\LibrelioApplication\MuPDF.WinRT\Win8\Win32\Release\vc110.pdb'; linking object as if no debug info
     1>libthirdparty.lib(jdapimin.obj) : warning LNK4099: PDB 'vc110.pdb' was not found with 'libthirdparty.lib(jdapimin.obj)' or at 'E:\4324\windows8\LibrelioApplication\MuPDF.WinRT\Win8\Win32\Release\vc110.pdb'; linking object as if no debug info
     1>libthirdparty.lib(jdmarker.obj) : warning LNK4099: PDB 'vc110.pdb' was not found with 'libthirdparty.lib(jdmarker.obj)' or at 'E:\4324\windows8\LibrelioApplication\MuPDF.WinRT\Win8\Win32\Release\vc110.pdb'; linking object as if no debug info
     1>libthirdparty.lib(jerror.obj) : warning LNK4099: PDB 'vc110.pdb' was not found with 'libthirdparty.lib(jerror.obj)' or at 'E:\4324\windows8\LibrelioApplication\MuPDF.WinRT\Win8\Win32\Release\vc110.pdb'; linking object as if no debug info
     1>libthirdparty.lib(ftxf86.obj) : warning LNK4099: PDB 'vc110.pdb' was not found with 'libthirdparty.lib(ftxf86.obj)' or at 'E:\4324\windows8\LibrelioApplication\MuPDF.WinRT\Win8\Win32\Release\vc110.pdb'; linking object as if no debug info
     1>libthirdparty.lib(jbig2_page.obj) : warning LNK4099: PDB 'vc110.pdb' was not found with 'libthirdparty.lib(jbig2_page.obj)' or at 'E:\4324\windows8\LibrelioApplication\MuPDF.WinRT\Win8\Win32\Release\vc110.pdb'; linking object as if no debug info
     1>libthirdparty.lib(jbig2.obj) : warning LNK4099: PDB 'vc110.pdb' was not found with 'libthirdparty.lib(jbig2.obj)' or at 'E:\4324\windows8\LibrelioApplication\MuPDF.WinRT\Win8\Win32\Release\vc110.pdb'; linking object as if no debug info
     1>libthirdparty.lib(openjpeg.obj) : warning LNK4099: PDB 'vc110.pdb' was not found with 'libthirdparty.lib(openjpeg.obj)' or at 'E:\4324\windows8\LibrelioApplication\MuPDF.WinRT\Win8\Win32\Release\vc110.pdb'; linking object as if no debug info
     1>libthirdparty.lib(cio.obj) : warning LNK4099: PDB 'vc110.pdb' was not found with 'libthirdparty.lib(cio.obj)' or at 'E:\4324\windows8\LibrelioApplication\MuPDF.WinRT\Win8\Win32\Release\vc110.pdb'; linking object as if no debug info
     1>libthirdparty.lib(event.obj) : warning LNK4099: PDB 'vc110.pdb' was not found with 'libthirdparty.lib(event.obj)' or at 'E:\4324\windows8\LibrelioApplication\MuPDF.WinRT\Win8\Win32\Release\vc110.pdb'; linking object as if no debug info
     1>libthirdparty.lib(image.obj) : warning LNK4099: PDB 'vc110.pdb' was not found with 'libthirdparty.lib(image.obj)' or at 'E:\4324\windows8\LibrelioApplication\MuPDF.WinRT\Win8\Win32\Release\vc110.pdb'; linking object as if no debug info
     1>libthirdparty.lib(deflate.obj) : warning LNK4099: PDB 'vc110.pdb' was not found with 'libthirdparty.lib(deflate.obj)' or at 'E:\4324\windows8\LibrelioApplication\MuPDF.WinRT\Win8\Win32\Release\vc110.pdb'; linking object as if no debug info
     1>libthirdparty.lib(ftsystem.obj) : warning LNK4099: PDB 'vc110.pdb' was not found with 'libthirdparty.lib(ftsystem.obj)' or at 'E:\4324\windows8\LibrelioApplication\MuPDF.WinRT\Win8\Win32\Release\vc110.pdb'; linking object as if no debug info
     1>libthirdparty.lib(adler32.obj) : warning LNK4099: PDB 'vc110.pdb' was not found with 'libthirdparty.lib(adler32.obj)' or at 'E:\4324\windows8\LibrelioApplication\MuPDF.WinRT\Win8\Win32\Release\vc110.pdb'; linking object as if no debug info
     1>libthirdparty.lib(inffast.obj) : warning LNK4099: PDB 'vc110.pdb' was not found with 'libthirdparty.lib(inffast.obj)' or at 'E:\4324\windows8\LibrelioApplication\MuPDF.WinRT\Win8\Win32\Release\vc110.pdb'; linking object as if no debug info
     1>libthirdparty.lib(zutil.obj) : warning LNK4099: PDB 'vc110.pdb' was not found with 'libthirdparty.lib(zutil.obj)' or at 'E:\4324\windows8\LibrelioApplication\MuPDF.WinRT\Win8\Win32\Release\vc110.pdb'; linking object as if no debug info
     1>libthirdparty.lib(inftrees.obj) : warning LNK4099: PDB 'vc110.pdb' was not found with 'libthirdparty.lib(inftrees.obj)' or at 'E:\4324\windows8\LibrelioApplication\MuPDF.WinRT\Win8\Win32\Release\vc110.pdb'; linking object as if no debug info
     1>libthirdparty.lib(ftbitmap.obj) : warning LNK4099: PDB 'vc110.pdb' was not found with 'libthirdparty.lib(ftbitmap.obj)' or at 'E:\4324\windows8\LibrelioApplication\MuPDF.WinRT\Win8\Win32\Release\vc110.pdb'; linking object as if no debug info
     1>libthirdparty.lib(cff.obj) : warning LNK4099: PDB 'vc110.pdb' was not found with 'libthirdparty.lib(cff.obj)' or at 'E:\4324\windows8\LibrelioApplication\MuPDF.WinRT\Win8\Win32\Release\vc110.pdb'; linking object as if no debug info
     1>libthirdparty.lib(raster.obj) : warning LNK4099: PDB 'vc110.pdb' was not found with 'libthirdparty.lib(raster.obj)' or at 'E:\4324\windows8\LibrelioApplication\MuPDF.WinRT\Win8\Win32\Release\vc110.pdb'; linking object as if no debug info
     1>libthirdparty.lib(psaux.obj) : warning LNK4099: PDB 'vc110.pdb' was not found with 'libthirdparty.lib(psaux.obj)' or at 'E:\4324\windows8\LibrelioApplication\MuPDF.WinRT\Win8\Win32\Release\vc110.pdb'; linking object as if no debug info
     1>libthirdparty.lib(smooth.obj) : warning LNK4099: PDB 'vc110.pdb' was not found with 'libthirdparty.lib(smooth.obj)' or at 'E:\4324\windows8\LibrelioApplication\MuPDF.WinRT\Win8\Win32\Release\vc110.pdb'; linking object as if no debug info
     1>libthirdparty.lib(type1.obj) : warning LNK4099: PDB 'vc110.pdb' was not found with 'libthirdparty.lib(type1.obj)' or at 'E:\4324\windows8\LibrelioApplication\MuPDF.WinRT\Win8\Win32\Release\vc110.pdb'; linking object as if no debug info
     1>libthirdparty.lib(psnames.obj) : warning LNK4099: PDB 'vc110.pdb' was not found with 'libthirdparty.lib(psnames.obj)' or at 'E:\4324\windows8\LibrelioApplication\MuPDF.WinRT\Win8\Win32\Release\vc110.pdb'; linking object as if no debug info
     1>libthirdparty.lib(pshinter.obj) : warning LNK4099: PDB 'vc110.pdb' was not found with 'libthirdparty.lib(pshinter.obj)' or at 'E:\4324\windows8\LibrelioApplication\MuPDF.WinRT\Win8\Win32\Release\vc110.pdb'; linking object as if no debug info
     1>libthirdparty.lib(truetype.obj) : warning LNK4099: PDB 'vc110.pdb' was not found with 'libthirdparty.lib(truetype.obj)' or at 'E:\4324\windows8\LibrelioApplication\MuPDF.WinRT\Win8\Win32\Release\vc110.pdb'; linking object as if no debug info
     1>libthirdparty.lib(type1cid.obj) : warning LNK4099: PDB 'vc110.pdb' was not found with 'libthirdparty.lib(type1cid.obj)' or at 'E:\4324\windows8\LibrelioApplication\MuPDF.WinRT\Win8\Win32\Release\vc110.pdb'; linking object as if no debug info
     1>libthirdparty.lib(sfnt.obj) : warning LNK4099: PDB 'vc110.pdb' was not found with 'libthirdparty.lib(sfnt.obj)' or at 'E:\4324\windows8\LibrelioApplication\MuPDF.WinRT\Win8\Win32\Release\vc110.pdb'; linking object as if no debug info
     1>libthirdparty.lib(jdmaster.obj) : warning LNK4099: PDB 'vc110.pdb' was not found with 'libthirdparty.lib(jdmaster.obj)' or at 'E:\4324\windows8\LibrelioApplication\MuPDF.WinRT\Win8\Win32\Release\vc110.pdb'; linking object as if no debug info
     1>libthirdparty.lib(jcomapi.obj) : warning LNK4099: PDB 'vc110.pdb' was not found with 'libthirdparty.lib(jcomapi.obj)' or at 'E:\4324\windows8\LibrelioApplication\MuPDF.WinRT\Win8\Win32\Release\vc110.pdb'; linking object as if no debug info
     1>libthirdparty.lib(jdinput.obj) : warning LNK4099: PDB 'vc110.pdb' was not found with 'libthirdparty.lib(jdinput.obj)' or at 'E:\4324\windows8\LibrelioApplication\MuPDF.WinRT\Win8\Win32\Release\vc110.pdb'; linking object as if no debug info
     1>libthirdparty.lib(jmemmgr.obj) : warning LNK4099: PDB 'vc110.pdb' was not found with 'libthirdparty.lib(jmemmgr.obj)' or at 'E:\4324\windows8\LibrelioApplication\MuPDF.WinRT\Win8\Win32\Release\vc110.pdb'; linking object as if no debug info
     1>libthirdparty.lib(jutils.obj) : warning LNK4099: PDB 'vc110.pdb' was not found with 'libthirdparty.lib(jutils.obj)' or at 'E:\4324\windows8\LibrelioApplication\MuPDF.WinRT\Win8\Win32\Release\vc110.pdb'; linking object as if no debug info
     1>libthirdparty.lib(jbig2_image.obj) : warning LNK4099: PDB 'vc110.pdb' was not found with 'libthirdparty.lib(jbig2_image.obj)' or at 'E:\4324\windows8\LibrelioApplication\MuPDF.WinRT\Win8\Win32\Release\vc110.pdb'; linking object as if no debug info
     1>libthirdparty.lib(jbig2_segment.obj) : warning LNK4099: PDB 'vc110.pdb' was not found with 'libthirdparty.lib(jbig2_segment.obj)' or at 'E:\4324\windows8\LibrelioApplication\MuPDF.WinRT\Win8\Win32\Release\vc110.pdb'; linking object as if no debug info
     1>libthirdparty.lib(j2k.obj) : warning LNK4099: PDB 'vc110.pdb' was not found with 'libthirdparty.lib(j2k.obj)' or at 'E:\4324\windows8\LibrelioApplication\MuPDF.WinRT\Win8\Win32\Release\vc110.pdb'; linking object as if no debug info
     1>libthirdparty.lib(jp2.obj) : warning LNK4099: PDB 'vc110.pdb' was not found with 'libthirdparty.lib(jp2.obj)' or at 'E:\4324\windows8\LibrelioApplication\MuPDF.WinRT\Win8\Win32\Release\vc110.pdb'; linking object as if no debug info
     1>libthirdparty.lib(trees.obj) : warning LNK4099: PDB 'vc110.pdb' was not found with 'libthirdparty.lib(trees.obj)' or at 'E:\4324\windows8\LibrelioApplication\MuPDF.WinRT\Win8\Win32\Release\vc110.pdb'; linking object as if no debug info
     1>libthirdparty.lib(jdhuff.obj) : warning LNK4099: PDB 'vc110.pdb' was not found with 'libthirdparty.lib(jdhuff.obj)' or at 'E:\4324\windows8\LibrelioApplication\MuPDF.WinRT\Win8\Win32\Release\vc110.pdb'; linking object as if no debug info
     1>libthirdparty.lib(jquant1.obj) : warning LNK4099: PDB 'vc110.pdb' was not found with 'libthirdparty.lib(jquant1.obj)' or at 'E:\4324\windows8\LibrelioApplication\MuPDF.WinRT\Win8\Win32\Release\vc110.pdb'; linking object as if no debug info
     1>libthirdparty.lib(jddctmgr.obj) : warning LNK4099: PDB 'vc110.pdb' was not found with 'libthirdparty.lib(jddctmgr.obj)' or at 'E:\4324\windows8\LibrelioApplication\MuPDF.WinRT\Win8\Win32\Release\vc110.pdb'; linking object as if no debug info
     1>libthirdparty.lib(jdsample.obj) : warning LNK4099: PDB 'vc110.pdb' was not found with 'libthirdparty.lib(jdsample.obj)' or at 'E:\4324\windows8\LibrelioApplication\MuPDF.WinRT\Win8\Win32\Release\vc110.pdb'; linking object as if no debug info
     1>libthirdparty.lib(jdarith.obj) : warning LNK4099: PDB 'vc110.pdb' was not found with 'libthirdparty.lib(jdarith.obj)' or at 'E:\4324\windows8\LibrelioApplication\MuPDF.WinRT\Win8\Win32\Release\vc110.pdb'; linking object as if no debug info
     1>libthirdparty.lib(jdcolor.obj) : warning LNK4099: PDB 'vc110.pdb' was not found with 'libthirdparty.lib(jdcolor.obj)' or at 'E:\4324\windows8\LibrelioApplication\MuPDF.WinRT\Win8\Win32\Release\vc110.pdb'; linking object as if no debug info
     1>libthirdparty.lib(jdcoefct.obj) : warning LNK4099: PDB 'vc110.pdb' was not found with 'libthirdparty.lib(jdcoefct.obj)' or at 'E:\4324\windows8\LibrelioApplication\MuPDF.WinRT\Win8\Win32\Release\vc110.pdb'; linking object as if no debug info
     1>libthirdparty.lib(jquant2.obj) : warning LNK4099: PDB 'vc110.pdb' was not found with 'libthirdparty.lib(jquant2.obj)' or at 'E:\4324\windows8\LibrelioApplication\MuPDF.WinRT\Win8\Win32\Release\vc110.pdb'; linking object as if no debug info
     1>libthirdparty.lib(jdmerge.obj) : warning LNK4099: PDB 'vc110.pdb' was not found with 'libthirdparty.lib(jdmerge.obj)' or at 'E:\4324\windows8\LibrelioApplication\MuPDF.WinRT\Win8\Win32\Release\vc110.pdb'; linking object as if no debug info
     1>libthirdparty.lib(jdmainct.obj) : warning LNK4099: PDB 'vc110.pdb' was not found with 'libthirdparty.lib(jdmainct.obj)' or at 'E:\4324\windows8\LibrelioApplication\MuPDF.WinRT\Win8\Win32\Release\vc110.pdb'; linking object as if no debug info
     1>libthirdparty.lib(jdpostct.obj) : warning LNK4099: PDB 'vc110.pdb' was not found with 'libthirdparty.lib(jdpostct.obj)' or at 'E:\4324\windows8\LibrelioApplication\MuPDF.WinRT\Win8\Win32\Release\vc110.pdb'; linking object as if no debug info
     1>libthirdparty.lib(jmemnobs.obj) : warning LNK4099: PDB 'vc110.pdb' was not found with 'libthirdparty.lib(jmemnobs.obj)' or at 'E:\4324\windows8\LibrelioApplication\MuPDF.WinRT\Win8\Win32\Release\vc110.pdb'; linking object as if no debug info
     1>libthirdparty.lib(jbig2_halftone.obj) : warning LNK4099: PDB 'vc110.pdb' was not found with 'libthirdparty.lib(jbig2_halftone.obj)' or at 'E:\4324\windows8\LibrelioApplication\MuPDF.WinRT\Win8\Win32\Release\vc110.pdb'; linking object as if no debug info
     1>libthirdparty.lib(jbig2_metadata.obj) : warning LNK4099: PDB 'vc110.pdb' was not found with 'libthirdparty.lib(jbig2_metadata.obj)' or at 'E:\4324\windows8\LibrelioApplication\MuPDF.WinRT\Win8\Win32\Release\vc110.pdb'; linking object as if no debug info
     1>libthirdparty.lib(jbig2_huffman.obj) : warning LNK4099: PDB 'vc110.pdb' was not found with 'libthirdparty.lib(jbig2_huffman.obj)' or at 'E:\4324\windows8\LibrelioApplication\MuPDF.WinRT\Win8\Win32\Release\vc110.pdb'; linking object as if no debug info
     1>libthirdparty.lib(jbig2_symbol_dict.obj) : warning LNK4099: PDB 'vc110.pdb' was not found with 'libthirdparty.lib(jbig2_symbol_dict.obj)' or at 'E:\4324\windows8\LibrelioApplication\MuPDF.WinRT\Win8\Win32\Release\vc110.pdb'; linking object as if no debug info
     1>libthirdparty.lib(jbig2_refinement.obj) : warning LNK4099: PDB 'vc110.pdb' was not found with 'libthirdparty.lib(jbig2_refinement.obj)' or at 'E:\4324\windows8\LibrelioApplication\MuPDF.WinRT\Win8\Win32\Release\vc110.pdb'; linking object as if no debug info
     1>libthirdparty.lib(jbig2_generic.obj) : warning LNK4099: PDB 'vc110.pdb' was not found with 'libthirdparty.lib(jbig2_generic.obj)' or at 'E:\4324\windows8\LibrelioApplication\MuPDF.WinRT\Win8\Win32\Release\vc110.pdb'; linking object as if no debug info
     1>libthirdparty.lib(jbig2_text.obj) : warning LNK4099: PDB 'vc110.pdb' was not found with 'libthirdparty.lib(jbig2_text.obj)' or at 'E:\4324\windows8\LibrelioApplication\MuPDF.WinRT\Win8\Win32\Release\vc110.pdb'; linking object as if no debug info
     1>libthirdparty.lib(tcd.obj) : warning LNK4099: PDB 'vc110.pdb' was not found with 'libthirdparty.lib(tcd.obj)' or at 'E:\4324\windows8\LibrelioApplication\MuPDF.WinRT\Win8\Win32\Release\vc110.pdb'; linking object as if no debug info
     1>libthirdparty.lib(pi.obj) : warning LNK4099: PDB 'vc110.pdb' was not found with 'libthirdparty.lib(pi.obj)' or at 'E:\4324\windows8\LibrelioApplication\MuPDF.WinRT\Win8\Win32\Release\vc110.pdb'; linking object as if no debug info
     1>libthirdparty.lib(jpt.obj) : warning LNK4099: PDB 'vc110.pdb' was not found with 'libthirdparty.lib(jpt.obj)' or at 'E:\4324\windows8\LibrelioApplication\MuPDF.WinRT\Win8\Win32\Release\vc110.pdb'; linking object as if no debug info
     1>libthirdparty.lib(dwt.obj) : warning LNK4099: PDB 'vc110.pdb' was not found with 'libthirdparty.lib(dwt.obj)' or at 'E:\4324\windows8\LibrelioApplication\MuPDF.WinRT\Win8\Win32\Release\vc110.pdb'; linking object as if no debug info
     1>libthirdparty.lib(cidx_manager.obj) : warning LNK4099: PDB 'vc110.pdb' was not found with 'libthirdparty.lib(cidx_manager.obj)' or at 'E:\4324\windows8\LibrelioApplication\MuPDF.WinRT\Win8\Win32\Release\vc110.pdb'; linking object as if no debug info
     1>libthirdparty.lib(jidctint.obj) : warning LNK4099: PDB 'vc110.pdb' was not found with 'libthirdparty.lib(jidctint.obj)' or at 'E:\4324\windows8\LibrelioApplication\MuPDF.WinRT\Win8\Win32\Release\vc110.pdb'; linking object as if no debug info
     1>libthirdparty.lib(jidctflt.obj) : warning LNK4099: PDB 'vc110.pdb' was not found with 'libthirdparty.lib(jidctflt.obj)' or at 'E:\4324\windows8\LibrelioApplication\MuPDF.WinRT\Win8\Win32\Release\vc110.pdb'; linking object as if no debug info
     1>libthirdparty.lib(jidctfst.obj) : warning LNK4099: PDB 'vc110.pdb' was not found with 'libthirdparty.lib(jidctfst.obj)' or at 'E:\4324\windows8\LibrelioApplication\MuPDF.WinRT\Win8\Win32\Release\vc110.pdb'; linking object as if no debug info
     1>libthirdparty.lib(jaricom.obj) : warning LNK4099: PDB 'vc110.pdb' was not found with 'libthirdparty.lib(jaricom.obj)' or at 'E:\4324\windows8\LibrelioApplication\MuPDF.WinRT\Win8\Win32\Release\vc110.pdb'; linking object as if no debug info
     1>libthirdparty.lib(jbig2_mmr.obj) : warning LNK4099: PDB 'vc110.pdb' was not found with 'libthirdparty.lib(jbig2_mmr.obj)' or at 'E:\4324\windows8\LibrelioApplication\MuPDF.WinRT\Win8\Win32\Release\vc110.pdb'; linking object as if no debug info
     1>libthirdparty.lib(jbig2_arith.obj) : warning LNK4099: PDB 'vc110.pdb' was not found with 'libthirdparty.lib(jbig2_arith.obj)' or at 'E:\4324\windows8\LibrelioApplication\MuPDF.WinRT\Win8\Win32\Release\vc110.pdb'; linking object as if no debug info
     1>libthirdparty.lib(jbig2_arith_iaid.obj) : warning LNK4099: PDB 'vc110.pdb' was not found with 'libthirdparty.lib(jbig2_arith_iaid.obj)' or at 'E:\4324\windows8\LibrelioApplication\MuPDF.WinRT\Win8\Win32\Release\vc110.pdb'; linking object as if no debug info
     1>libthirdparty.lib(jbig2_arith_int.obj) : warning LNK4099: PDB 'vc110.pdb' was not found with 'libthirdparty.lib(jbig2_arith_int.obj)' or at 'E:\4324\windows8\LibrelioApplication\MuPDF.WinRT\Win8\Win32\Release\vc110.pdb'; linking object as if no debug info
     1>libthirdparty.lib(t2.obj) : warning LNK4099: PDB 'vc110.pdb' was not found with 'libthirdparty.lib(t2.obj)' or at 'E:\4324\windows8\LibrelioApplication\MuPDF.WinRT\Win8\Win32\Release\vc110.pdb'; linking object as if no debug info
     1>libthirdparty.lib(t1.obj) : warning LNK4099: PDB 'vc110.pdb' was not found with 'libthirdparty.lib(t1.obj)' or at 'E:\4324\windows8\LibrelioApplication\MuPDF.WinRT\Win8\Win32\Release\vc110.pdb'; linking object as if no debug info
     1>libthirdparty.lib(mct.obj) : warning LNK4099: PDB 'vc110.pdb' was not found with 'libthirdparty.lib(mct.obj)' or at 'E:\4324\windows8\LibrelioApplication\MuPDF.WinRT\Win8\Win32\Release\vc110.pdb'; linking object as if no debug info
     1>libthirdparty.lib(j2k_lib.obj) : warning LNK4099: PDB 'vc110.pdb' was not found with 'libthirdparty.lib(j2k_lib.obj)' or at 'E:\4324\windows8\LibrelioApplication\MuPDF.WinRT\Win8\Win32\Release\vc110.pdb'; linking object as if no debug info
     1>libthirdparty.lib(tgt.obj) : warning LNK4099: PDB 'vc110.pdb' was not found with 'libthirdparty.lib(tgt.obj)' or at 'E:\4324\windows8\LibrelioApplication\MuPDF.WinRT\Win8\Win32\Release\vc110.pdb'; linking object as if no debug info
     1>libthirdparty.lib(tpix_manager.obj) : warning LNK4099: PDB 'vc110.pdb' was not found with 'libthirdparty.lib(tpix_manager.obj)' or at 'E:\4324\windows8\LibrelioApplication\MuPDF.WinRT\Win8\Win32\Release\vc110.pdb'; linking object as if no debug info
     1>libthirdparty.lib(phix_manager.obj) : warning LNK4099: PDB 'vc110.pdb' was not found with 'libthirdparty.lib(phix_manager.obj)' or at 'E:\4324\windows8\LibrelioApplication\MuPDF.WinRT\Win8\Win32\Release\vc110.pdb'; linking object as if no debug info
     1>libthirdparty.lib(thix_manager.obj) : warning LNK4099: PDB 'vc110.pdb' was not found with 'libthirdparty.lib(thix_manager.obj)' or at 'E:\4324\windows8\LibrelioApplication\MuPDF.WinRT\Win8\Win32\Release\vc110.pdb'; linking object as if no debug info
     1>libthirdparty.lib(ppix_manager.obj) : warning LNK4099: PDB 'vc110.pdb' was not found with 'libthirdparty.lib(ppix_manager.obj)' or at 'E:\4324\windows8\LibrelioApplication\MuPDF.WinRT\Win8\Win32\Release\vc110.pdb'; linking object as if no debug info
     1>libthirdparty.lib(bio.obj) : warning LNK4099: PDB 'vc110.pdb' was not found with 'libthirdparty.lib(bio.obj)' or at 'E:\4324\windows8\LibrelioApplication\MuPDF.WinRT\Win8\Win32\Release\vc110.pdb'; linking object as if no debug info
     1>libthirdparty.lib(mqc.obj) : warning LNK4099: PDB 'vc110.pdb' was not found with 'libthirdparty.lib(mqc.obj)' or at 'E:\4324\windows8\LibrelioApplication\MuPDF.WinRT\Win8\Win32\Release\vc110.pdb'; linking object as if no debug info
     1>libthirdparty.lib(raw.obj) : warning LNK4099: PDB 'vc110.pdb' was not found with 'libthirdparty.lib(raw.obj)' or at 'E:\4324\windows8\LibrelioApplication\MuPDF.WinRT\Win8\Win32\Release\vc110.pdb'; linking object as if no debug info
     1>libmupdf-nov8.lib(pdf_js_none.obj) : warning LNK4099: PDB 'vc110.pdb' was not found with 'libmupdf-nov8.lib(pdf_js_none.obj)' or at 'E:\4324\windows8\LibrelioApplication\MuPDF.WinRT\Win8\Win32\Release\vc110.pdb'; linking object as if no debug info
         MuPDFWinRT.vcxproj -> E:\4324\windows8\LibrelioApplication\MuPDF.WinRT\Win8\Win32\Release\MuPDFWinRT.dll
     1>Done Building Project "E:\4324\windows8\LibrelioApplication\MuPDF.WinRT\Win8\MuPDFWinRT.vcxproj" (Build target(s)).

Build succeeded.

Time Elapsed 00:00:40.64
