C:\USERS\DORIN\DOCUMENTS\MUPDFREADER\MUPDFREADER\MUPDF.WINRT\WIN8\WIN32\RELEASE\MUPDFWINRT\DOCUMENT.OBJ
C:\USERS\DORIN\DOCUMENTS\MUPDFREADER\MUPDFREADER\MUPDF.WINRT\WIN8\WIN32\RELEASE\MUPDFWINRT\LINKINFOREMOTE.OBJ
C:\USERS\DORIN\DOCUMENTS\MUPDFREADER\MUPDFREADER\MUPDF.WINRT\WIN8\WIN32\RELEASE\MUPDFWINRT\LINKINFOVISITOR.OBJ
C:\USERS\DORIN\DOCUMENTS\MUPDFREADER\MUPDFREADER\MUPDF.WINRT\WIN8\WIN32\RELEASE\MUPDFWINRT\LINKINFOINTERNAL.OBJ
C:\USERS\DORIN\DOCUMENTS\MUPDFREADER\MUPDFREADER\MUPDF.WINRT\WIN8\WIN32\RELEASE\MUPDFWINRT\MUPDFDOC.OBJ
C:\USERS\DORIN\DOCUMENTS\MUPDFREADER\MUPDFREADER\MUPDF.WINRT\WIN8\WIN32\RELEASE\MUPDFWINRT\LINKINFOURI.OBJ
C:\USERS\DORIN\DOCUMENTS\MUPDFREADER\MUPDFREADER\MUPDF.WINRT\WIN8\WIN32\RELEASE\MUPDFWINRT\OUTLINEITEM.OBJ
C:\USERS\DORIN\DOCUMENTS\MUPDFREADER\MUPDFREADER\MUPDF.WINRT\WIN8\WIN32\RELEASE\MUPDFWINRT\UTILITIES.OBJ
C:\USERS\DORIN\DOCUMENTS\MUPDFREADER\MUPDFREADER\MUPDF.WINRT\WIN8\WIN32\RELEASE\MUPDFWINRT\VC110.PDB
C:\USERS\DORIN\DOCUMENTS\MUPDFREADER\MUPDFREADER\MUPDF.WINRT\WIN8\WIN32\RELEASE\MUPDFWINRT.DLL
C:\USERS\DORIN\DOCUMENTS\MUPDFREADER\MUPDFREADER\MUPDF.WINRT\WIN8\WIN32\RELEASE\MUPDFWINRT.WINMD
C:\USERS\DORIN\DOCUMENTS\MUPDFREADER\MUPDFREADER\MUPDF.WINRT\WIN8\WIN32\RELEASE\MUPDFWINRT.PDB
C:\Users\Dorin\Documents\MuPDFReader\MUPDFReader\MuPDF.WinRT\Win8\Win32\Release\MuPDFWinRT.lib
C:\Users\Dorin\Documents\MuPDFReader\MUPDFReader\MuPDF.WinRT\Win8\Win32\Release\MuPDFWinRT.exp
C:\Users\Dorin\Documents\MuPDFReader\MUPDFReader\MuPDF.WinRT\Win8\Win32\Release\MuPDFWinRT\priconfig.xml.intermediate
C:\Users\Dorin\Documents\MuPDFReader\MUPDFReader\MuPDF.WinRT\Win8\Win32\Release\MuPDFWinRT\layout.resfiles.intermediate
C:\Users\Dorin\Documents\MuPDFReader\MUPDFReader\MuPDF.WinRT\Win8\Win32\Release\MuPDFWinRT\resources.resfiles.intermediate
C:\Users\Dorin\Documents\MuPDFReader\MUPDFReader\MuPDF.WinRT\Win8\Win32\Release\MuPDFWinRT\pri.resfiles.intermediate
C:\Users\Dorin\Documents\MuPDFReader\MUPDFReader\MuPDF.WinRT\Win8\Win32\Release\MuPDFWinRT\priconfig.xml
C:\Users\Dorin\Documents\MuPDFReader\MUPDFReader\MuPDF.WinRT\Win8\Win32\Release\MuPDFWinRT\layout.resfiles
C:\Users\Dorin\Documents\MuPDFReader\MUPDFReader\MuPDF.WinRT\Win8\Win32\Release\MuPDFWinRT\resources.resfiles
C:\Users\Dorin\Documents\MuPDFReader\MUPDFReader\MuPDF.WinRT\Win8\Win32\Release\MuPDFWinRT\pri.resfiles
C:\Users\Dorin\Documents\MuPDFReader\MUPDFReader\MuPDF.WinRT\Win8\Win32\Release\MuPDFWinRT.pri
C:\Users\Dorin\Documents\MuPDFReader\MUPDFReader\MuPDF.WinRT\Win8\Win32\Release\MuPDFWinRT\LanguageQualifiers.txt
C:\Users\Dorin\Documents\MuPDFReader\MUPDFReader\MuPDF.WinRT\Win8\Win32\Release\MuPDFWinRT\MuPDFWinRT.vcxprojResolveAssemblyReference.cache
C:\Users\Dorin\Documents\MuPDFReader\MUPDFReader\MuPDF.WinRT\Win8\Win32\Release\MuPDFWinRT\Document.obj
C:\Users\Dorin\Documents\MuPDFReader\MUPDFReader\MuPDF.WinRT\Win8\Win32\Release\MuPDFWinRT\LinkInfoInternal.obj
C:\Users\Dorin\Documents\MuPDFReader\MUPDFReader\MuPDF.WinRT\Win8\Win32\Release\MuPDFWinRT\LinkInfoRemote.obj
C:\Users\Dorin\Documents\MuPDFReader\MUPDFReader\MuPDF.WinRT\Win8\Win32\Release\MuPDFWinRT\LinkInfoURI.obj
C:\Users\Dorin\Documents\MuPDFReader\MUPDFReader\MuPDF.WinRT\Win8\Win32\Release\MuPDFWinRT\LinkInfoVisitor.obj
C:\Users\Dorin\Documents\MuPDFReader\MUPDFReader\MuPDF.WinRT\Win8\Win32\Release\MuPDFWinRT\MuPDFDoc.obj
C:\Users\Dorin\Documents\MuPDFReader\MUPDFReader\MuPDF.WinRT\Win8\Win32\Release\MuPDFWinRT\OutlineItem.obj
C:\Users\Dorin\Documents\MuPDFReader\MUPDFReader\MuPDF.WinRT\Win8\Win32\Release\MuPDFWinRT\Utilities.obj
C:\Users\Dorin\Documents\MuPDFReader\MUPDFReader\MuPDF.WinRT\Win8\Win32\Release\MuPDFWinRT\CL.10252.read.1.tlog
C:\Users\Dorin\Documents\MuPDFReader\MUPDFReader\MuPDF.WinRT\Win8\Win32\Release\MuPDFWinRT\CL.10252.write.1.tlog
C:\Users\Dorin\Documents\MuPDFReader\MUPDFReader\MuPDF.WinRT\Win8\Win32\Release\MuPDFWinRT\CL.10320.read.1.tlog
C:\Users\Dorin\Documents\MuPDFReader\MUPDFReader\MuPDF.WinRT\Win8\Win32\Release\MuPDFWinRT\CL.10320.write.1.tlog
C:\Users\Dorin\Documents\MuPDFReader\MUPDFReader\MuPDF.WinRT\Win8\Win32\Release\MuPDFWinRT\CL.11756.read.1.tlog
C:\Users\Dorin\Documents\MuPDFReader\MUPDFReader\MuPDF.WinRT\Win8\Win32\Release\MuPDFWinRT\CL.11756.write.1.tlog
C:\Users\Dorin\Documents\MuPDFReader\MUPDFReader\MuPDF.WinRT\Win8\Win32\Release\MuPDFWinRT\CL.1452.read.1.tlog
C:\Users\Dorin\Documents\MuPDFReader\MUPDFReader\MuPDF.WinRT\Win8\Win32\Release\MuPDFWinRT\CL.1452.write.1.tlog
C:\Users\Dorin\Documents\MuPDFReader\MUPDFReader\MuPDF.WinRT\Win8\Win32\Release\MuPDFWinRT\CL.3900.read.1.tlog
C:\Users\Dorin\Documents\MuPDFReader\MUPDFReader\MuPDF.WinRT\Win8\Win32\Release\MuPDFWinRT\CL.3900.write.1.tlog
C:\Users\Dorin\Documents\MuPDFReader\MUPDFReader\MuPDF.WinRT\Win8\Win32\Release\MuPDFWinRT\CL.5028.read.1.tlog
C:\Users\Dorin\Documents\MuPDFReader\MUPDFReader\MuPDF.WinRT\Win8\Win32\Release\MuPDFWinRT\CL.5028.write.1.tlog
C:\Users\Dorin\Documents\MuPDFReader\MUPDFReader\MuPDF.WinRT\Win8\Win32\Release\MuPDFWinRT\CL.5440.read.1.tlog
C:\Users\Dorin\Documents\MuPDFReader\MUPDFReader\MuPDF.WinRT\Win8\Win32\Release\MuPDFWinRT\CL.5440.write.1.tlog
C:\Users\Dorin\Documents\MuPDFReader\MUPDFReader\MuPDF.WinRT\Win8\Win32\Release\MuPDFWinRT\CL.7536.read.1.tlog
C:\Users\Dorin\Documents\MuPDFReader\MUPDFReader\MuPDF.WinRT\Win8\Win32\Release\MuPDFWinRT\CL.7536.write.1.tlog
C:\Users\Dorin\Documents\MuPDFReader\MUPDFReader\MuPDF.WinRT\Win8\Win32\Release\MuPDFWinRT\CL.8420.read.1.tlog
C:\Users\Dorin\Documents\MuPDFReader\MUPDFReader\MuPDF.WinRT\Win8\Win32\Release\MuPDFWinRT\CL.8420.write.1.tlog
C:\Users\Dorin\Documents\MuPDFReader\MUPDFReader\MuPDF.WinRT\Win8\Win32\Release\MuPDFWinRT\CL.8688.read.1.tlog
C:\Users\Dorin\Documents\MuPDFReader\MUPDFReader\MuPDF.WinRT\Win8\Win32\Release\MuPDFWinRT\CL.8688.write.1.tlog
C:\Users\Dorin\Documents\MuPDFReader\MUPDFReader\MuPDF.WinRT\Win8\Win32\Release\MuPDFWinRT\CL.9180.read.1.tlog
C:\Users\Dorin\Documents\MuPDFReader\MUPDFReader\MuPDF.WinRT\Win8\Win32\Release\MuPDFWinRT\CL.9180.write.1.tlog
C:\Users\Dorin\Documents\MuPDFReader\MUPDFReader\MuPDF.WinRT\Win8\Win32\Release\MuPDFWinRT\CL.9528.read.1.tlog
C:\Users\Dorin\Documents\MuPDFReader\MUPDFReader\MuPDF.WinRT\Win8\Win32\Release\MuPDFWinRT\CL.9528.write.1.tlog
C:\Users\Dorin\Documents\MuPDFReader\MUPDFReader\MuPDF.WinRT\Win8\Win32\Release\MuPDFWinRT\cl.command.1.tlog
C:\Users\Dorin\Documents\MuPDFReader\MUPDFReader\MuPDF.WinRT\Win8\Win32\Release\MuPDFWinRT\CL.read.1.tlog
C:\Users\Dorin\Documents\MuPDFReader\MUPDFReader\MuPDF.WinRT\Win8\Win32\Release\MuPDFWinRT\CL.write.1.tlog
C:\Users\Dorin\Documents\MuPDFReader\MUPDFReader\MuPDF.WinRT\Win8\Win32\Release\MuPDFWinRT\link.command.1.tlog
C:\Users\Dorin\Documents\MuPDFReader\MUPDFReader\MuPDF.WinRT\Win8\Win32\Release\MuPDFWinRT\link.read.1.tlog
C:\Users\Dorin\Documents\MuPDFReader\MUPDFReader\MuPDF.WinRT\Win8\Win32\Release\MuPDFWinRT\link.write.1.tlog
C:\Users\Dorin\Documents\MuPDFReader\MUPDFReader\MuPDF.WinRT\Win8\Win32\Release\MuPDFWinRT\MuPDFWinRT.read.1.tlog
C:\Users\Dorin\Documents\MuPDFReader\MUPDFReader\MuPDF.WinRT\Win8\Win32\Release\MuPDFWinRT\MuPDFWinRT.write.1.tlog
C:\Users\Dorin\Documents\MuPDFReader\MUPDFReader\MuPDF.WinRT\Win8\Win32\Release\MuPDFWinRT\vc110.pdb
C:\Users\Dorin\Documents\MuPDFReader\MUPDFReader\MuPDF.WinRT\Win8\Win32\Release\MuPDFWinRT.dll
